C:\USERS\ASUS\DESKTOP\IGRAPHICS\IGRAPHICS\DEBUG\IGRAPHICS.EXE
C:\USERS\ASUS\DESKTOP\IGRAPHICS\IGRAPHICS\DEBUG\IGRAPHICS.ILK
C:\USERS\ASUS\DESKTOP\IGRAPHICS\IGRAPHICS\DEBUG\IGRAPHICS.PDB
C:\USERS\ASUS\DESKTOP\IGRAPHICS\IGRAPHICS\IGRAPHICS\DEBUG\GAME.OBJ
C:\USERS\ASUS\DESKTOP\IGRAPHICS\IGRAPHICS\IGRAPHICS\DEBUG\IGRAPHICS.EXE.INTERMEDIATE.MANIFEST
C:\USERS\ASUS\DESKTOP\IGRAPHICS\IGRAPHICS\IGRAPHICS\DEBUG\VC100.PDB
C:\USERS\SHEESH\DESKTOP\IGRAPHICS\IGRAPHICS\DEBUG\IGRAPHICS.EXE
C:\USERS\SHEESH\DESKTOP\IGRAPHICS\IGRAPHICS\DEBUG\IGRAPHICS.ILK
C:\USERS\SHEESH\DESKTOP\IGRAPHICS\IGRAPHICS\DEBUG\IGRAPHICS.PDB
C:\USERS\SHEESH\DESKTOP\IGRAPHICS\IGRAPHICS\IGRAPHICS\DEBUG\BALLDEMO.OBJ
C:\Users\Sheesh\Desktop\iGraphics\IGraphics\IGraphics\Debug\cl.command.1.tlog
C:\Users\Sheesh\Desktop\iGraphics\IGraphics\IGraphics\Debug\CL.read.1.tlog
C:\Users\Sheesh\Desktop\iGraphics\IGraphics\IGraphics\Debug\CL.write.1.tlog
C:\USERS\SHEESH\DESKTOP\IGRAPHICS\IGRAPHICS\IGRAPHICS\DEBUG\GAME - MIMON.OBJ
C:\USERS\SHEESH\DESKTOP\IGRAPHICS\IGRAPHICS\IGRAPHICS\DEBUG\GAME.OBJ
C:\USERS\SHEESH\DESKTOP\IGRAPHICS\IGRAPHICS\IGRAPHICS\DEBUG\GAMECODE.OBJ
C:\USERS\SHEESH\DESKTOP\IGRAPHICS\IGRAPHICS\IGRAPHICS\DEBUG\IGRAPHICS.EXE.INTERMEDIATE.MANIFEST
C:\Users\Sheesh\Desktop\iGraphics\IGraphics\IGraphics\Debug\IGraphics.vcxprojResolveAssemblyReference.cache
C:\Users\Sheesh\Desktop\iGraphics\IGraphics\IGraphics\Debug\IGraphics.write.1.tlog
C:\Users\Sheesh\Desktop\iGraphics\IGraphics\IGraphics\Debug\link.1412.read.1.tlog
C:\Users\Sheesh\Desktop\iGraphics\IGraphics\IGraphics\Debug\link.1412.write.1.tlog
C:\Users\Sheesh\Desktop\iGraphics\IGraphics\IGraphics\Debug\link.4504.read.1.tlog
C:\Users\Sheesh\Desktop\iGraphics\IGraphics\IGraphics\Debug\link.4504.write.1.tlog
C:\Users\Sheesh\Desktop\iGraphics\IGraphics\IGraphics\Debug\link.5392.read.1.tlog
C:\Users\Sheesh\Desktop\iGraphics\IGraphics\IGraphics\Debug\link.5392.write.1.tlog
C:\Users\Sheesh\Desktop\iGraphics\IGraphics\IGraphics\Debug\link.command.1.tlog
C:\Users\Sheesh\Desktop\iGraphics\IGraphics\IGraphics\Debug\link.read.1.tlog
C:\Users\Sheesh\Desktop\iGraphics\IGraphics\IGraphics\Debug\link.write.1.tlog
C:\Users\Sheesh\Desktop\iGraphics\IGraphics\IGraphics\Debug\mt.command.1.tlog
C:\Users\Sheesh\Desktop\iGraphics\IGraphics\IGraphics\Debug\mt.read.1.tlog
C:\Users\Sheesh\Desktop\iGraphics\IGraphics\IGraphics\Debug\mt.write.1.tlog
C:\Users\Sheesh\Desktop\iGraphics\IGraphics\IGraphics\Debug\vc100.idb
C:\USERS\SHEESH\DESKTOP\IGRAPHICS\IGRAPHICS\IGRAPHICS\DEBUG\VC100.PDB
